{
  "Cucumber Features": {
    "coverage": {
      "/home/ubuntu/project/RateMyClass/app/controllers/signup_controller.rb": {
        "lines": [
          1,
          1,
          null,
          null,
          null
        ]
      },
      "/home/ubuntu/project/RateMyClass/app/controllers/application_controller.rb": {
        "lines": [
          1,
          1,
          2,
          2,
          null,
          null,
          null
        ]
      },
      "/home/ubuntu/project/RateMyClass/app/helpers/application_helper.rb": {
        "lines": [
          1,
          null
        ]
      },
      "/home/ubuntu/project/RateMyClass/app/helpers/comments_helper.rb": {
        "lines": [
          1,
          null
        ]
      },
      "/home/ubuntu/project/RateMyClass/app/helpers/reviews_helper.rb": {
        "lines": [
          1,
          null
        ]
      },
      "/home/ubuntu/project/RateMyClass/app/helpers/users_helper.rb": {
        "lines": [
          1,
          null
        ]
      },
      "/home/ubuntu/project/RateMyClass/app/controllers/homepage_controller.rb": {
        "lines": [
          1,
          1,
          1,
          1,
          null,
          null,
          null,
          1,
          22,
          22,
          null,
          null,
          1,
          113,
          22,
          22,
          21,
          21,
          21,
          21,
          null,
          1,
          1,
          null,
          91,
          4,
          1,
          null,
          3,
          3,
          null,
          3,
          3,
          null,
          3,
          3,
          3,
          1,
          null,
          1,
          1,
          1,
          1,
          null,
          null,
          null,
          null,
          3,
          2,
          2,
          null,
          1,
          null,
          null,
          87,
          50,
          50,
          50,
          50,
          50,
          1,
          null,
          49,
          49,
          null,
          null,
          1,
          48,
          1,
          null,
          47,
          5,
          1,
          1,
          null,
          null,
          47,
          46,
          46,
          null,
          1,
          null,
          null,
          null,
          49,
          49,
          1,
          48,
          1,
          null,
          47,
          47,
          null,
          null,
          49,
          44,
          22,
          22,
          22,
          null,
          22,
          22,
          22,
          22,
          null,
          5,
          1,
          1,
          null,
          4,
          4,
          null,
          null,
          null,
          null,
          null,
          null,
          null,
          null,
          null
        ]
      },
      "/home/ubuntu/project/RateMyClass/app/models/user.rb": {
        "lines": [
          1,
          null,
          null,
          null,
          null
        ]
      },
      "/home/ubuntu/project/RateMyClass/app/models/review.rb": {
        "lines": [
          1,
          1,
          null,
          null
        ]
      },
      "/home/ubuntu/project/RateMyClass/app/models/application_record.rb": {
        "lines": [
          1,
          null,
          1,
          null
        ]
      },
      "/home/ubuntu/project/RateMyClass/app/controllers/reviews_controller.rb": {
        "lines": [
          1,
          1,
          null,
          1,
          null,
          null,
          null,
          1,
          2,
          2,
          2,
          2,
          null,
          null,
          1,
          1,
          1,
          1,
          1,
          null,
          null,
          1,
          2,
          2,
          2,
          2,
          null,
          null,
          1,
          1,
          1,
          1,
          1,
          null,
          null,
          1,
          7,
          null,
          null,
          1,
          26,
          13,
          13,
          13,
          null,
          13,
          13,
          13,
          31,
          14,
          17,
          3,
          null,
          null,
          13,
          13,
          13,
          13,
          13,
          14,
          10,
          4,
          0,
          null,
          4,
          4,
          4,
          4,
          null,
          14,
          null,
          13,
          13,
          13,
          null,
          13,
          13,
          13,
          13,
          13,
          32,
          13,
          19,
          0,
          null,
          19,
          19,
          19,
          19,
          null,
          32,
          null,
          13,
          13,
          13,
          null,
          null,
          null,
          null,
          1,
          28,
          28,
          28,
          28,
          28,
          28,
          2,
          null,
          null,
          28,
          28,
          28,
          28,
          28,
          28,
          28,
          28,
          28,
          28,
          null,
          28,
          28,
          28,
          28,
          null,
          null,
          null,
          1,
          null,
          null,
          null,
          1,
          6,
          null,
          null,
          null,
          1,
          null,
          null,
          null,
          1,
          4,
          4,
          4,
          4,
          8,
          4,
          null,
          0,
          0,
          null,
          null,
          null,
          null,
          null,
          null,
          1,
          1,
          1,
          2,
          1,
          null,
          0,
          0,
          null,
          null,
          null,
          null,
          null,
          1,
          1,
          null,
          1,
          2,
          1,
          null,
          null,
          null,
          1,
          null,
          1,
          9,
          null,
          null,
          null,
          1,
          5,
          null,
          null
        ]
      },
      "/home/ubuntu/project/RateMyClass/app/models/comment.rb": {
        "lines": [
          1,
          1,
          null
        ]
      },
      "/home/ubuntu/project/RateMyClass/app/controllers/comments_controller.rb": {
        "lines": [
          1,
          1,
          null,
          null,
          null,
          1,
          2,
          2,
          2,
          2,
          null,
          null,
          1,
          1,
          1,
          1,
          1,
          null,
          null,
          1,
          5,
          5,
          5,
          5,
          5,
          null,
          null,
          1,
          1,
          1,
          1,
          1,
          null,
          null,
          1,
          1,
          1,
          1,
          1,
          null,
          null,
          1,
          1,
          1,
          1,
          1,
          null,
          null,
          null,
          null,
          null,
          null,
          null,
          null,
          null,
          null,
          null,
          null,
          1,
          1,
          6,
          null,
          null
        ]
      },
      "/home/ubuntu/project/RateMyClass/app/controllers/logout_controller.rb": {
        "lines": [
          1,
          1,
          1,
          1,
          null,
          null,
          null
        ]
      },
      "/home/ubuntu/project/RateMyClass/app/controllers/users_controller.rb": {
        "lines": [
          1,
          1,
          null,
          null,
          1,
          20,
          null,
          null,
          null,
          1,
          null,
          null,
          null,
          1,
          5,
          null,
          null,
          null,
          1,
          null,
          null,
          null,
          1,
          5,
          5,
          null,
          5,
          5,
          10,
          5,
          null,
          0,
          0,
          null,
          null,
          null,
          null,
          null,
          1,
          2,
          2,
          2,
          2,
          4,
          2,
          null,
          0,
          0,
          null,
          null,
          null,
          null,
          null,
          1,
          1,
          null,
          1,
          2,
          1,
          null,
          null,
          null,
          1,
          null,
          1,
          11,
          null,
          null,
          null,
          1,
          7,
          null,
          null
        ]
      },
      "/home/ubuntu/project/RateMyClass/app/controllers/login_controller.rb": {
        "lines": [
          1,
          1,
          null,
          null
        ]
      },
      "/home/ubuntu/project/RateMyClass/app/channels/application_cable/channel.rb": {
        "lines": [
          0,
          0,
          0,
          0
        ],
        "branches": {
        }
      },
      "/home/ubuntu/project/RateMyClass/app/channels/application_cable/connection.rb": {
        "lines": [
          0,
          0,
          0,
          0
        ],
        "branches": {
        }
      },
      "/home/ubuntu/project/RateMyClass/app/jobs/application_job.rb": {
        "lines": [
          0,
          null,
          null,
          null,
          null,
          null,
          0
        ],
        "branches": {
        }
      },
      "/home/ubuntu/project/RateMyClass/app/mailers/application_mailer.rb": {
        "lines": [
          0,
          0,
          0,
          0
        ],
        "branches": {
        }
      }
    },
    "timestamp": 1648135924
  },
  "RSpec": {
    "coverage": {
      "/home/ubuntu/project/RateMyClass/app/helpers/application_helper.rb": {
        "lines": [
          1,
          null
        ]
      },
      "/home/ubuntu/project/RateMyClass/app/helpers/comments_helper.rb": {
        "lines": [
          1,
          null
        ]
      },
      "/home/ubuntu/project/RateMyClass/app/helpers/reviews_helper.rb": {
        "lines": [
          1,
          null
        ]
      },
      "/home/ubuntu/project/RateMyClass/app/helpers/users_helper.rb": {
        "lines": [
          1,
          null
        ]
      },
      "/home/ubuntu/project/RateMyClass/app/controllers/comments_controller.rb": {
        "lines": [
          1,
          1,
          null,
          null,
          null,
          1,
          0,
          0,
          0,
          0,
          null,
          null,
          1,
          0,
          0,
          0,
          0,
          null,
          null,
          1,
          0,
          0,
          0,
          0,
          0,
          null,
          null,
          1,
          0,
          0,
          0,
          0,
          null,
          null,
          1,
          0,
          0,
          0,
          0,
          null,
          null,
          1,
          0,
          0,
          0,
          0,
          null,
          null,
          null,
          null,
          null,
          null,
          null,
          null,
          null,
          null,
          null,
          null,
          1,
          1,
          0,
          null,
          null
        ]
      },
      "/home/ubuntu/project/RateMyClass/app/controllers/application_controller.rb": {
        "lines": [
          1,
          1,
          0,
          0,
          null,
          null,
          null
        ]
      },
      "/home/ubuntu/project/RateMyClass/app/controllers/homepage_controller.rb": {
        "lines": [
          1,
          1,
          1,
          1,
          null,
          null,
          null,
          1,
          0,
          0,
          null,
          null,
          1,
          1,
          0,
          0,
          0,
          0,
          0,
          0,
          null,
          0,
          0,
          null,
          1,
          0,
          0,
          null,
          0,
          0,
          null,
          0,
          0,
          null,
          0,
          0,
          0,
          0,
          null,
          0,
          0,
          0,
          0,
          null,
          null,
          null,
          null,
          0,
          0,
          0,
          null,
          0,
          null,
          null,
          1,
          0,
          0,
          0,
          0,
          0,
          0,
          null,
          0,
          0,
          null,
          null,
          0,
          0,
          0,
          null,
          0,
          0,
          0,
          0,
          null,
          null,
          0,
          0,
          0,
          null,
          0,
          null,
          null,
          null,
          0,
          0,
          0,
          0,
          0,
          null,
          0,
          0,
          null,
          null,
          0,
          0,
          0,
          0,
          0,
          null,
          0,
          0,
          0,
          0,
          null,
          0,
          0,
          0,
          null,
          0,
          0,
          null,
          null,
          null,
          null,
          null,
          null,
          null,
          null,
          null
        ]
      },
      "/home/ubuntu/project/RateMyClass/app/controllers/reviews_controller.rb": {
        "lines": [
          1,
          1,
          null,
          1,
          null,
          null,
          null,
          1,
          0,
          0,
          0,
          0,
          null,
          null,
          1,
          0,
          0,
          0,
          0,
          null,
          null,
          1,
          0,
          0,
          0,
          0,
          null,
          null,
          1,
          0,
          0,
          0,
          0,
          null,
          null,
          1,
          2,
          null,
          null,
          1,
          1,
          0,
          0,
          0,
          null,
          0,
          0,
          0,
          0,
          0,
          0,
          0,
          null,
          null,
          0,
          0,
          0,
          0,
          0,
          0,
          0,
          0,
          0,
          null,
          0,
          0,
          0,
          0,
          null,
          0,
          null,
          0,
          0,
          0,
          null,
          1,
          1,
          1,
          1,
          1,
          76,
          1,
          75,
          75,
          null,
          0,
          0,
          0,
          0,
          null,
          76,
          null,
          1,
          1,
          1,
          null,
          null,
          null,
          null,
          1,
          1,
          1,
          1,
          1,
          76,
          76,
          0,
          null,
          null,
          1,
          1,
          1,
          1,
          1,
          1,
          76,
          76,
          76,
          76,
          null,
          76,
          76,
          76,
          76,
          null,
          null,
          null,
          1,
          null,
          null,
          null,
          1,
          3,
          null,
          null,
          null,
          1,
          null,
          null,
          null,
          1,
          0,
          0,
          0,
          0,
          0,
          0,
          null,
          0,
          0,
          null,
          null,
          null,
          null,
          null,
          null,
          1,
          0,
          0,
          0,
          0,
          null,
          0,
          0,
          null,
          null,
          null,
          null,
          null,
          1,
          0,
          null,
          0,
          0,
          0,
          null,
          null,
          null,
          1,
          null,
          1,
          0,
          null,
          null,
          null,
          1,
          0,
          null,
          null
        ]
      },
      "/home/ubuntu/project/RateMyClass/app/controllers/users_controller.rb": {
        "lines": [
          1,
          1,
          null,
          null,
          1,
          2,
          null,
          null,
          null,
          1,
          null,
          null,
          null,
          1,
          2,
          null,
          null,
          null,
          1,
          null,
          null,
          null,
          1,
          0,
          0,
          null,
          0,
          0,
          0,
          0,
          null,
          0,
          0,
          null,
          null,
          null,
          null,
          null,
          1,
          0,
          0,
          0,
          0,
          0,
          0,
          null,
          0,
          0,
          null,
          null,
          null,
          null,
          null,
          1,
          0,
          null,
          0,
          0,
          0,
          null,
          null,
          null,
          1,
          null,
          1,
          0,
          null,
          null,
          null,
          1,
          0,
          null,
          null
        ]
      },
      "/home/ubuntu/project/RateMyClass/app/models/comment.rb": {
        "lines": [
          1,
          1,
          null
        ]
      },
      "/home/ubuntu/project/RateMyClass/app/models/application_record.rb": {
        "lines": [
          1,
          null,
          1,
          null
        ]
      },
      "/home/ubuntu/project/RateMyClass/app/models/review.rb": {
        "lines": [
          1,
          1,
          null,
          null
        ]
      },
      "/home/ubuntu/project/RateMyClass/app/models/user.rb": {
        "lines": [
          1,
          null,
          null,
          null,
          null
        ]
      },
      "/home/ubuntu/project/RateMyClass/app/channels/application_cable/channel.rb": {
        "lines": [
          0,
          0,
          0,
          0
        ],
        "branches": {
        }
      },
      "/home/ubuntu/project/RateMyClass/app/channels/application_cable/connection.rb": {
        "lines": [
          0,
          0,
          0,
          0
        ],
        "branches": {
        }
      },
      "/home/ubuntu/project/RateMyClass/app/controllers/login_controller.rb": {
        "lines": [
          0,
          0,
          0,
          0
        ],
        "branches": {
        }
      },
      "/home/ubuntu/project/RateMyClass/app/controllers/logout_controller.rb": {
        "lines": [
          0,
          0,
          0,
          0,
          null,
          0,
          0
        ],
        "branches": {
        }
      },
      "/home/ubuntu/project/RateMyClass/app/controllers/signup_controller.rb": {
        "lines": [
          0,
          0,
          null,
          0,
          0
        ],
        "branches": {
        }
      },
      "/home/ubuntu/project/RateMyClass/app/jobs/application_job.rb": {
        "lines": [
          0,
          null,
          null,
          null,
          null,
          null,
          0
        ],
        "branches": {
        }
      },
      "/home/ubuntu/project/RateMyClass/app/mailers/application_mailer.rb": {
        "lines": [
          0,
          0,
          0,
          0
        ],
        "branches": {
        }
      }
    },
    "timestamp": 1647996651
  }
}
